#
# A fatal error has been detected by the Java Runtime Environment:
#
#  SIGSEGV (0xb) at pc=0x0000000127468ebc, pid=2895, tid=0x0000000000000307
#
# JRE version: Java(TM) SE Runtime Environment (8.0_131-b11) (build 1.8.0_131-b11)
# Java VM: Java HotSpot(TM) 64-Bit Server VM (25.131-b11 mixed mode bsd-amd64 compressed oops)
# Problematic frame:
# C  [liblwjgl_stb.dylib+0x41ebc]
[error occurred during error reporting (printing problematic frame), id 0xe0000000]

# Failed to write core dump. Core dumps have been disabled. To enable core dumping, try "ulimit -c unlimited" before starting Java again
#
# If you would like to submit a bug report, please visit:
#   http://bugreport.java.com/bugreport/crash.jsp
# The crash happened outside the Java Virtual Machine in native code.
# See problematic frame for where to report the bug.
#

---------------  T H R E A D  ---------------

Current thread (0x00007f9ab8007000):  JavaThread "main" [_thread_in_native, id=775, stack(0x00007fff5430f000,0x00007fff54b0f000)]

siginfo: si_signo: 11 (SIGSEGV), si_code: 1 (SEGV_MAPERR), si_addr: 0x00000001271ec51a

Registers:
RAX=0x0000000127193000, RBX=0x0000000795d8dd38, RCX=0x00000000000006d5, RDX=0x00007f9abc13f390
RSP=0x00007fff54b07ac0, RBP=0x00007fff54b07ac0, RSI=0x00007fff54b07b00, RDI=0x00000000000594f8
R8 =0x00007f9ab8aa33ac, R9 =0x00007f9ab8aa33a8, R10=0x000000010e00760a, R11=0x000000000001bab0
R12=0x0000000000000000, R13=0x0000000000000007, R14=0x00007fff54b07b00, R15=0x00007f9ab8007000
RIP=0x0000000127468ebc, EFLAGS=0x0000000000010246, ERR=0x0000000000000004
  TRAPNO=0x000000000000000e

Top of Stack: (sp=0x00007fff54b07ac0)
0x00007fff54b07ac0:   00007fff54b07b10 000000010e007684
0x00007fff54b07ad0:   00000007400000e8 000000010dfddfc4
0x00007fff54b07ae0:   0000000799b48078 0000000700002022
0x00007fff54b07af0:   00007f9ab8aa33a8 3cf2926900000001
0x00007fff54b07b00:   000000079989efd8 0000000000000203
0x00007fff54b07b10:   00007fff54b08030 000000010e07b2cc
0x00007fff54b07b20:   00007fff00000030 0000000000000000
0x00007fff54b07b30:   0000000100000008 00007f9a00000001
0x00007fff54b07b40:   0000000000000003 0000000200000002
0x00007fff54b07b50:   0000000500000002 0000000100000010
0x00007fff54b07b60:   0000000400000004 0000000600000100
0x00007fff54b07b70:   0000080000000038 0000000000000500
0x00007fff54b07b80:   0000000000028000 0000002000004000
0x00007fff54b07b90:   0000010000000200 0000000000028000
0x00007fff54b07ba0:   0000000000000000 0000000000000008
0x00007fff54b07bb0:   0000000000240000 0000008f000000ff
0x00007fff54b07bc0:   0000000100008fff 00007fff54b07b58
0x00007fff54b07bd0:   00007fff54b07c28 000000013e2c20b0
0x00007fff54b07be0:   00007fff54b07c10 000000010b24d7fd
0x00007fff54b07bf0:   000000013e2c20b0 00007fff54b07c90
0x00007fff54b07c00:   00007fff54b07c90 000060000000ffff
0x00007fff54b07c10:   00007fff54b07c40 000000010b24d86e
0x00007fff54b07c20:   00007fff54b07c78 00000001212bbfe8
0x00007fff54b07c30:   00007fff54b07c60 000000010b24d7fd
0x00007fff54b07c40:   00000001212bbfe8 00007fff54b07ce0
0x00007fff54b07c50:   00007fff54b07ce0 000060000000ffff
0x00007fff54b07c60:   0000000799af1990 0000000799aed120
0x00007fff54b07c70:   00000007984d96c0 0000000799af19e0
0x00007fff54b07c80:   000000f400062238 000000079856f658
0x00007fff54b07c90:   000000079853fdf0 000000079853fdf0
0x00007fff54b07ca0:   000000079853fe78 0000000799af1a68
0x00007fff54b07cb0:   0000000799dee3f8 0000000740002188 

Instructions: (pc=0x0000000127468ebc)
0x0000000127468e9c:   e9 2f 87 ff ff 66 66 66 66 66 66 2e 0f 1f 84 00
0x0000000127468eac:   00 00 00 00 55 48 89 e5 48 8b 42 08 48 63 7a 24
0x0000000127468ebc:   0f b6 74 38 22 0f b6 7c 38 23 c1 e6 08 09 fe 39
0x0000000127468ecc:   ce 7e 33 4d 85 c0 74 18 48 63 72 28 48 01 c6 48 

Register to memory mapping:

RAX=0x0000000127193000 is an unknown value
RBX=0x0000000795d8dd38 is an oop
java.nio.DirectIntBufferU 
 - klass: 'java/nio/DirectIntBufferU'
RCX=0x00000000000006d5 is an unknown value
RDX=0x00007f9abc13f390 is an unknown value
RSP=0x00007fff54b07ac0 is pointing into the stack for thread: 0x00007f9ab8007000
RBP=0x00007fff54b07ac0 is pointing into the stack for thread: 0x00007f9ab8007000
RSI=0x00007fff54b07b00 is pointing into the stack for thread: 0x00007f9ab8007000
RDI=0x00000000000594f8 is an unknown value
R8 =0x00007f9ab8aa33ac is an unknown value
R9 =0x00007f9ab8aa33a8 is an unknown value
R10=0x000000010e00760a is at entry_point+74 in (nmethod*)0x000000010e007450
R11=0x000000000001bab0 is an unknown value
R12=0x0000000000000000 is an unknown value
R13=0x0000000000000007 is an unknown value
R14=0x00007fff54b07b00 is pointing into the stack for thread: 0x00007f9ab8007000
R15=0x00007f9ab8007000 is a thread


Stack: [0x00007fff5430f000,0x00007fff54b0f000],  sp=0x00007fff54b07ac0,  free space=8162k
Native frames: (J=compiled Java code, j=interpreted, Vv=VM code, C=native code)
C  [liblwjgl_stb.dylib+0x41ebc]
[error occurred during error reporting (printing native stack), id 0xe0000000]

Java frames: (J=compiled Java code, j=interpreted, Vv=VM code)
J 1022  org.lwjgl.stb.STBTruetype.nstbtt_GetGlyphHMetrics(JIJJ)V (0 bytes) @ 0x000000010e00760a [0x000000010e0075c0+0x4a]
J 1068 C1 org.openrndr.internal.gl3.FontImageMapManagerGL3.fontMapFromUrl(Ljava/lang/String;DD)Lorg/openrndr/draw/FontImageMap; (1996 bytes) @ 0x000000010e07b2cc [0x000000010e0719a0+0x992c]
j  org.openrndr.draw.FontImageMap$Companion.fromUrl(Ljava/lang/String;DD)Lorg/openrndr/draw/FontImageMap;+61
j  org.openrndr.draw.FontImageMap$Companion.fromUrl$default(Lorg/openrndr/draw/FontImageMap$Companion;Ljava/lang/String;DDILjava/lang/Object;)Lorg/openrndr/draw/FontImageMap;+15
j  TemplateProgramKt$main$1$2$1$poster$1$3$1.invoke()V+39
j  TemplateProgramKt$main$1$2$1$poster$1$3$1.invoke()Ljava/lang/Object;+1
j  org.openrndr.extra.compositor.Layer$draw$$inlined$let$lambda$1.invoke(Lorg/openrndr/draw/Drawer;)V+26
j  org.openrndr.extra.compositor.Layer$draw$$inlined$let$lambda$1.invoke(Ljava/lang/Object;)Ljava/lang/Object;+5
j  org.openrndr.draw.DrawerKt.isolated(Lorg/openrndr/draw/Drawer;Lkotlin/jvm/functions/Function1;)V+23
j  org.openrndr.draw.DrawerKt.isolatedWithTarget(Lorg/openrndr/draw/Drawer;Lorg/openrndr/draw/RenderTarget;Lkotlin/jvm/functions/Function1;)V+26
j  org.openrndr.extra.compositor.Layer.draw(Lorg/openrndr/draw/Drawer;)V+136
j  org.openrndr.extra.compositor.Layer$draw$$inlined$let$lambda$1.invoke(Lorg/openrndr/draw/Drawer;)V+88
j  org.openrndr.extra.compositor.Layer$draw$$inlined$let$lambda$1.invoke(Ljava/lang/Object;)Ljava/lang/Object;+5
j  org.openrndr.draw.DrawerKt.isolated(Lorg/openrndr/draw/Drawer;Lkotlin/jvm/functions/Function1;)V+23
j  org.openrndr.draw.DrawerKt.isolatedWithTarget(Lorg/openrndr/draw/Drawer;Lorg/openrndr/draw/RenderTarget;Lkotlin/jvm/functions/Function1;)V+26
j  org.openrndr.extra.compositor.Layer.draw(Lorg/openrndr/draw/Drawer;)V+136
j  TemplateProgramKt$main$1$2$2$1.invoke(Lorg/openrndr/draw/Drawer;)V+84
j  TemplateProgramKt$main$1$2$2$1.invoke(Ljava/lang/Object;)Ljava/lang/Object;+5
j  org.openrndr.draw.DrawerKt.isolated(Lorg/openrndr/draw/Drawer;Lkotlin/jvm/functions/Function1;)V+23
j  TemplateProgramKt$main$1$2$2.invoke(Lorg/openrndr/Program;)V+51
j  TemplateProgramKt$main$1$2$2.invoke(Ljava/lang/Object;)Ljava/lang/Object;+5
j  org.openrndr.Program$extend$functionExtension$2.beforeDraw(Lorg/openrndr/draw/Drawer;Lorg/openrndr/Program;)V+17
j  org.openrndr.Program.drawImpl()V+209
j  org.openrndr.internal.gl3.ApplicationGLFWGL3.drawFrame()Ljava/lang/Throwable;+71
j  org.openrndr.internal.gl3.ApplicationGLFWGL3.loop()V+540
j  org.openrndr.Application$Companion.run(Lorg/openrndr/Program;Lorg/openrndr/Configuration;)V+68
j  org.openrndr.ApplicationKt.application(Lorg/openrndr/Program;Lorg/openrndr/Configuration;)V+17
j  org.openrndr.ApplicationBuilderKt.application(Lkotlin/jvm/functions/Function1;)V+44
j  TemplateProgramKt.main()V+6
j  TemplateProgramKt.main([Ljava/lang/String;)V+0
v  ~StubRoutines::call_stub

---------------  P R O C E S S  ---------------

Java Threads: ( => current thread )
  0x00007f9ab7b7f000 JavaThread "Attach Listener" daemon [_thread_blocked, id=47431, stack(0x000070000e76d000,0x000070000e86d000)]
  0x00007f9ab7aa0000 JavaThread "Service Thread" daemon [_thread_blocked, id=18179, stack(0x000070000e3de000,0x000070000e4de000)]
  0x00007f9ab7a9f000 JavaThread "C1 CompilerThread2" daemon [_thread_blocked, id=17667, stack(0x000070000e2db000,0x000070000e3db000)]
  0x00007f9ab893d800 JavaThread "C2 CompilerThread1" daemon [_thread_in_native, id=17155, stack(0x000070000e1d8000,0x000070000e2d8000)]
  0x00007f9ab88ea000 JavaThread "C2 CompilerThread0" daemon [_thread_blocked, id=16643, stack(0x000070000e0d5000,0x000070000e1d5000)]
  0x00007f9ab7a8e800 JavaThread "Monitor Ctrl-Break" daemon [_thread_in_native, id=16131, stack(0x000070000dfd2000,0x000070000e0d2000)]
  0x00007f9ab8807800 JavaThread "Signal Dispatcher" daemon [_thread_blocked, id=15623, stack(0x000070000decf000,0x000070000dfcf000)]
  0x00007f9ab8807000 JavaThread "Finalizer" daemon [_thread_blocked, id=11523, stack(0x000070000dd49000,0x000070000de49000)]
  0x00007f9ab9035000 JavaThread "Reference Handler" daemon [_thread_blocked, id=11011, stack(0x000070000dc46000,0x000070000dd46000)]
=>0x00007f9ab8007000 JavaThread "main" [_thread_in_native, id=775, stack(0x00007fff5430f000,0x00007fff54b0f000)]

Other Threads:
  0x00007f9ab9030800 VMThread [stack: 0x000070000db43000,0x000070000dc43000] [id=10499]
  0x00007f9ab8112000 WatcherThread [stack: 0x000070000e4e1000,0x000070000e5e1000] [id=18691]

VM state:not at safepoint (normal execution)

VM Mutex/Monitor currently owned by a thread: None

Heap:
 PSYoungGen      total 71680K, used 14266K [0x0000000795580000, 0x000000079f080000, 0x00000007c0000000)
  eden space 66560K, 13% used [0x0000000795580000,0x0000000795e76878,0x0000000799680000)
  from space 5120K, 99% used [0x0000000799680000,0x0000000799b78040,0x0000000799b80000)
  to   space 12800K, 0% used [0x000000079e400000,0x000000079e400000,0x000000079f080000)
 ParOldGen       total 87552K, used 11050K [0x0000000740000000, 0x0000000745580000, 0x0000000795580000)
  object space 87552K, 12% used [0x0000000740000000,0x0000000740acab10,0x0000000745580000)
 Metaspace       used 12350K, capacity 12593K, committed 12800K, reserved 1060864K
  class space    used 1141K, capacity 1228K, committed 1280K, reserved 1048576K

Card table byte_map: [0x000000010cdc0000,0x000000010d1c1000] byte_map_base: 0x00000001093c0000

Marking Bits: (ParMarkBitMap*) 0x000000010ba5fea0
 Begin Bits: [0x000000011cc15000, 0x000000011ec15000)
 End Bits:   [0x000000011ec15000, 0x0000000120c15000)

Polling page: 0x000000010c155000

CodeCache: size=245760Kb used=4651Kb max_used=4657Kb free=241108Kb
 bounds [0x000000010dc15000, 0x000000010e0b5000, 0x000000011cc15000]
 total_blobs=2075 nmethods=1096 adapters=893
 compilation: enabled

Compilation events (10 events):
Event: 1.988 Thread 0x00007f9ab88ea000 1093       4       org.lwjgl.system.MemoryStack::push (38 bytes)
Event: 1.989 Thread 0x00007f9ab88ea000 nmethod 1093 0x000000010e09fc10 code [0x000000010e09fd60, 0x000000010e09fe38]
Event: 1.989 Thread 0x00007f9ab88ea000 1095       4       java.util.AbstractCollection::isEmpty (13 bytes)
Event: 1.991 Thread 0x00007f9ab88ea000 nmethod 1095 0x000000010e0a13d0 code [0x000000010e0a1520, 0x000000010e0a15d8]
Event: 1.991 Thread 0x00007f9ab88ea000 1094       4       java.nio.DirectIntBufferU::get (15 bytes)
Event: 1.992 Thread 0x00007f9ab88ea000 nmethod 1094 0x000000010e043490 code [0x000000010e0435e0, 0x000000010e043678]
Event: 1.993 Thread 0x00007f9ab7a9f000 1096       3       java.util.TimSort::gallopRight (335 bytes)
Event: 1.994 Thread 0x00007f9ab7a9f000 nmethod 1096 0x000000010e0a0210 code [0x000000010e0a0420, 0x000000010e0a0f18]
Event: 2.016 Thread 0x00007f9ab7a9f000 1097       3       java.util.TimSort::gallopLeft (335 bytes)
Event: 2.019 Thread 0x00007f9ab7a9f000 nmethod 1097 0x000000010e0999d0 code [0x000000010e099be0, 0x000000010e09a6b8]

GC Heap History (10 events):
Event: 1.026 GC heap before
{Heap before GC invocations=1 (full 0):
 PSYoungGen      total 38400K, used 33280K [0x0000000795580000, 0x0000000798000000, 0x00000007c0000000)
  eden space 33280K, 100% used [0x0000000795580000,0x0000000797600000,0x0000000797600000)
  from space 5120K, 0% used [0x0000000797b00000,0x0000000797b00000,0x0000000798000000)
  to   space 5120K, 0% used [0x0000000797600000,0x0000000797600000,0x0000000797b00000)
 ParOldGen       total 87552K, used 0K [0x0000000740000000, 0x0000000745580000, 0x0000000795580000)
  object space 87552K, 0% used [0x0000000740000000,0x0000000740000000,0x0000000745580000)
 Metaspace       used 8890K, capacity 9093K, committed 9216K, reserved 1056768K
  class space    used 853K, capacity 936K, committed 1024K, reserved 1048576K
Event: 1.031 GC heap after
Heap after GC invocations=1 (full 0):
 PSYoungGen      total 38400K, used 4237K [0x0000000795580000, 0x0000000798000000, 0x00000007c0000000)
  eden space 33280K, 0% used [0x0000000795580000,0x0000000795580000,0x0000000797600000)
  from space 5120K, 82% used [0x0000000797600000,0x0000000797a23798,0x0000000797b00000)
  to   space 5120K, 0% used [0x0000000797b00000,0x0000000797b00000,0x0000000798000000)
 ParOldGen       total 87552K, used 8K [0x0000000740000000, 0x0000000745580000, 0x0000000795580000)
  object space 87552K, 0% used [0x0000000740000000,0x0000000740002000,0x0000000745580000)
 Metaspace       used 8890K, capacity 9093K, committed 9216K, reserved 1056768K
  class space    used 853K, capacity 936K, committed 1024K, reserved 1048576K
}
Event: 1.447 GC heap before
{Heap before GC invocations=2 (full 0):
 PSYoungGen      total 38400K, used 37517K [0x0000000795580000, 0x0000000798000000, 0x00000007c0000000)
  eden space 33280K, 100% used [0x0000000795580000,0x0000000797600000,0x0000000797600000)
  from space 5120K, 82% used [0x0000000797600000,0x0000000797a23798,0x0000000797b00000)
  to   space 5120K, 0% used [0x0000000797b00000,0x0000000797b00000,0x0000000798000000)
 ParOldGen       total 87552K, used 8K [0x0000000740000000, 0x0000000745580000, 0x0000000795580000)
  object space 87552K, 0% used [0x0000000740000000,0x0000000740002000,0x0000000745580000)
 Metaspace       used 11358K, capacity 11567K, committed 11648K, reserved 1060864K
  class space    used 1032K, capacity 1099K, committed 1152K, reserved 1048576K
Event: 1.454 GC heap after
Heap after GC invocations=2 (full 0):
 PSYoungGen      total 38400K, used 4177K [0x0000000795580000, 0x000000079a080000, 0x00000007c0000000)
  eden space 33280K, 0% used [0x0000000795580000,0x0000000795580000,0x0000000797600000)
  from space 5120K, 81% used [0x0000000797b00000,0x0000000797f14618,0x0000000798000000)
  to   space 5120K, 0% used [0x0000000797600000,0x0000000797600000,0x0000000797b00000)
 ParOldGen       total 87552K, used 16K [0x0000000740000000, 0x0000000745580000, 0x0000000795580000)
  object space 87552K, 0% used [0x0000000740000000,0x0000000740004000,0x0000000745580000)
 Metaspace       used 11358K, capacity 11567K, committed 11648K, reserved 1060864K
  class space    used 1032K, capacity 1099K, committed 1152K, reserved 1048576K
}
Event: 1.760 GC heap before
{Heap before GC invocations=3 (full 0):
 PSYoungGen      total 38400K, used 37457K [0x0000000795580000, 0x000000079a080000, 0x00000007c0000000)
  eden space 33280K, 100% used [0x0000000795580000,0x0000000797600000,0x0000000797600000)
  from space 5120K, 81% used [0x0000000797b00000,0x0000000797f14618,0x0000000798000000)
  to   space 5120K, 0% used [0x0000000797600000,0x0000000797600000,0x0000000797b00000)
 ParOldGen       total 87552K, used 16K [0x0000000740000000, 0x0000000745580000, 0x0000000795580000)
  object space 87552K, 0% used [0x0000000740000000,0x0000000740004000,0x0000000745580000)
 Metaspace       used 12274K, capacity 12465K, committed 12800K, reserved 1060864K
  class space    used 1136K, capacity 1228K, committed 1280K, reserved 1048576K
Event: 1.765 GC heap after
Heap after GC invocations=3 (full 0):
 PSYoungGen      total 38400K, used 5100K [0x0000000795580000, 0x000000079a080000, 0x00000007c0000000)
  eden space 33280K, 0% used [0x0000000795580000,0x0000000795580000,0x0000000797600000)
  from space 5120K, 99% used [0x0000000797600000,0x0000000797afb150,0x0000000797b00000)
  to   space 5120K, 0% used [0x0000000799b80000,0x0000000799b80000,0x000000079a080000)
 ParOldGen       total 87552K, used 1274K [0x0000000740000000, 0x0000000745580000, 0x0000000795580000)
  object space 87552K, 1% used [0x0000000740000000,0x000000074013e9c0,0x0000000745580000)
 Metaspace       used 12274K, capacity 12465K, committed 12800K, reserved 1060864K
  class space    used 1136K, capacity 1228K, committed 1280K, reserved 1048576K
}
Event: 1.855 GC heap before
{Heap before GC invocations=4 (full 0):
 PSYoungGen      total 38400K, used 38380K [0x0000000795580000, 0x000000079a080000, 0x00000007c0000000)
  eden space 33280K, 100% used [0x0000000795580000,0x0000000797600000,0x0000000797600000)
  from space 5120K, 99% used [0x0000000797600000,0x0000000797afb150,0x0000000797b00000)
  to   space 5120K, 0% used [0x0000000799b80000,0x0000000799b80000,0x000000079a080000)
 ParOldGen       total 87552K, used 1274K [0x0000000740000000, 0x0000000745580000, 0x0000000795580000)
  object space 87552K, 1% used [0x0000000740000000,0x000000074013e9c0,0x0000000745580000)
 Metaspace       used 12319K, capacity 12529K, committed 12800K, reserved 1060864K
  class space    used 1141K, capacity 1228K, committed 1280K, reserved 1048576K
Event: 1.877 GC heap after
Heap after GC invocations=4 (full 0):
 PSYoungGen      total 71680K, used 5107K [0x0000000795580000, 0x000000079a080000, 0x00000007c0000000)
  eden space 66560K, 0% used [0x0000000795580000,0x0000000795580000,0x0000000799680000)
  from space 5120K, 99% used [0x0000000799b80000,0x000000079a07ce00,0x000000079a080000)
  to   space 5120K, 0% used [0x0000000799680000,0x0000000799680000,0x0000000799b80000)
 ParOldGen       total 87552K, used 3684K [0x0000000740000000, 0x0000000745580000, 0x0000000795580000)
  object space 87552K, 4% used [0x0000000740000000,0x00000007403991e8,0x0000000745580000)
 Metaspace       used 12319K, capacity 12529K, committed 12800K, reserved 1060864K
  class space    used 1141K, capacity 1228K, committed 1280K, reserved 1048576K
}
Event: 2.024 GC heap before
{Heap before GC invocations=5 (full 0):
 PSYoungGen      total 71680K, used 71667K [0x0000000795580000, 0x000000079a080000, 0x00000007c0000000)
  eden space 66560K, 100% used [0x0000000795580000,0x0000000799680000,0x0000000799680000)
  from space 5120K, 99% used [0x0000000799b80000,0x000000079a07ce00,0x000000079a080000)
  to   space 5120K, 0% used [0x0000000799680000,0x0000000799680000,0x0000000799b80000)
 ParOldGen       total 87552K, used 3684K [0x0000000740000000, 0x0000000745580000, 0x0000000795580000)
  object space 87552K, 4% used [0x0000000740000000,0x00000007403991e8,0x0000000745580000)
 Metaspace       used 12350K, capacity 12593K, committed 12800K, reserved 1060864K
  class space    used 1141K, capacity 1228K, committed 1280K, reserved 1048576K
Event: 2.040 GC heap after
Heap after GC invocations=5 (full 0):
 PSYoungGen      total 71680K, used 5088K [0x0000000795580000, 0x000000079f080000, 0x00000007c0000000)
  eden space 66560K, 0% used [0x0000000795580000,0x0000000795580000,0x0000000799680000)
  from space 5120K, 99% used [0x0000000799680000,0x0000000799b78040,0x0000000799b80000)
  to   space 12800K, 0% used [0x000000079e400000,0x000000079e400000,0x000000079f080000)
 ParOldGen       total 87552K, used 11050K [0x0000000740000000, 0x0000000745580000, 0x0000000795580000)
  object space 87552K, 12% used [0x0000000740000000,0x0000000740acab10,0x0000000745580000)
 Metaspace       used 12350K, capacity 12593K, committed 12800K, reserved 1060864K
  class space    used 1141K, capacity 1228K, committed 1280K, reserved 1048576K
}

Deoptimization events (10 events):
Event: 1.505 Thread 0x00007f9ab8007000 Uncommon trap: reason=unstable_if action=reinterpret pc=0x000000010df44128 method=sun.misc.URLClassPath$FileLoader.getResource(Ljava/lang/String;Z)Lsun/misc/Resource; @ 139
Event: 1.651 Thread 0x00007f9ab8007000 Uncommon trap: reason=unstable_if action=reinterpret pc=0x000000010dfb3d74 method=java.util.ArrayList.<init>(I)V @ 5
Event: 1.670 Thread 0x00007f9ab8007000 Uncommon trap: reason=unstable_if action=reinterpret pc=0x000000010dfca2e8 method=kotlin.internal.ProgressionUtilKt.getProgressionLastElement(III)I @ 6
Event: 1.674 Thread 0x00007f9ab8007000 Uncommon trap: reason=unstable_if action=reinterpret pc=0x000000010dfccccc method=kotlin.internal.ProgressionUtilKt.getProgressionLastElement(III)I @ 6
Event: 1.792 Thread 0x00007f9ab8007000 Uncommon trap: reason=class_check action=maybe_recompile pc=0x000000010dfc9e84 method=java.util.AbstractCollection.isEmpty()Z @ 1
Event: 1.792 Thread 0x00007f9ab8007000 Uncommon trap: reason=unstable_if action=reinterpret pc=0x000000010dfd2cd0 method=kotlin.collections.CollectionsKt___CollectionsKt.toList(Ljava/lang/Iterable;)Ljava/util/List; @ 11
Event: 1.796 Thread 0x00007f9ab8007000 Uncommon trap: reason=unstable_if action=reinterpret pc=0x000000010dfdbad4 method=java.util.HashMap.getNode(ILjava/lang/Object;)Ljava/util/HashMap$Node; @ 62
Event: 1.888 Thread 0x00007f9ab8007000 Uncommon trap: reason=class_check action=maybe_recompile pc=0x000000010dfc9e84 method=java.util.AbstractCollection.isEmpty()Z @ 1
Event: 1.930 Thread 0x00007f9ab8007000 Uncommon trap: reason=class_check action=maybe_recompile pc=0x000000010dfc9e84 method=java.util.AbstractCollection.isEmpty()Z @ 1
Event: 1.969 Thread 0x00007f9ab8007000 Uncommon trap: reason=class_check action=maybe_recompile pc=0x000000010dfc9e84 method=java.util.AbstractCollection.isEmpty()Z @ 1

Internal exceptions (10 events):
Event: 0.872 Thread 0x00007f9ab8007000 Exception <a 'java/security/PrivilegedActionException'> (0x0000000796ff29d0) thrown at [/Users/java_re/workspace/8-2-build-macosx-x86_64/jdk8u131/8869/hotspot/src/share/vm/prims/jvm.cpp, line 1390]
Event: 0.872 Thread 0x00007f9ab8007000 Exception <a 'java/security/PrivilegedActionException'> (0x0000000796ff2be0) thrown at [/Users/java_re/workspace/8-2-build-macosx-x86_64/jdk8u131/8869/hotspot/src/share/vm/prims/jvm.cpp, line 1390]
Event: 1.032 Thread 0x00007f9ab8007000 Exception <a 'java/security/PrivilegedActionException'> (0x000000079558bff0) thrown at [/Users/java_re/workspace/8-2-build-macosx-x86_64/jdk8u131/8869/hotspot/src/share/vm/prims/jvm.cpp, line 1390]
Event: 1.032 Thread 0x00007f9ab8007000 Exception <a 'java/security/PrivilegedActionException'> (0x000000079558c200) thrown at [/Users/java_re/workspace/8-2-build-macosx-x86_64/jdk8u131/8869/hotspot/src/share/vm/prims/jvm.cpp, line 1390]
Event: 1.038 Thread 0x00007f9ab8007000 Exception <a 'java/security/PrivilegedActionException'> (0x00000007955adc88) thrown at [/Users/java_re/workspace/8-2-build-macosx-x86_64/jdk8u131/8869/hotspot/src/share/vm/prims/jvm.cpp, line 1390]
Event: 1.038 Thread 0x00007f9ab8007000 Exception <a 'java/security/PrivilegedActionException'> (0x00000007955ade98) thrown at [/Users/java_re/workspace/8-2-build-macosx-x86_64/jdk8u131/8869/hotspot/src/share/vm/prims/jvm.cpp, line 1390]
Event: 1.318 Thread 0x00007f9ab8007000 Exception <a 'java/security/PrivilegedActionException'> (0x0000000795f60e80) thrown at [/Users/java_re/workspace/8-2-build-macosx-x86_64/jdk8u131/8869/hotspot/src/share/vm/prims/jvm.cpp, line 1390]
Event: 1.318 Thread 0x00007f9ab8007000 Exception <a 'java/security/PrivilegedActionException'> (0x0000000795f61090) thrown at [/Users/java_re/workspace/8-2-build-macosx-x86_64/jdk8u131/8869/hotspot/src/share/vm/prims/jvm.cpp, line 1390]
Event: 1.676 Thread 0x00007f9ab8007000 Exception <a 'java/security/PrivilegedActionException'> (0x000000079721b168) thrown at [/Users/java_re/workspace/8-2-build-macosx-x86_64/jdk8u131/8869/hotspot/src/share/vm/prims/jvm.cpp, line 1390]
Event: 1.676 Thread 0x00007f9ab8007000 Exception <a 'java/security/PrivilegedActionException'> (0x000000079721b560) thrown at [/Users/java_re/workspace/8-2-build-macosx-x86_64/jdk8u131/8869/hotspot/src/share/vm/prims/jvm.cpp, line 1390]

Events (10 events):
Event: 1.888 Thread 0x00007f9ab8007000 DEOPT PACKING pc=0x000000010dfc9e84 sp=0x00007fff54b07e20
Event: 1.888 Thread 0x00007f9ab8007000 DEOPT UNPACKING pc=0x000000010dc1a229 sp=0x00007fff54b07dd8 mode 2
Event: 1.930 Thread 0x00007f9ab8007000 Uncommon trap: trap_request=0xffffffde fr.pc=0x000000010dfc9e84
Event: 1.930 Thread 0x00007f9ab8007000 DEOPT PACKING pc=0x000000010dfc9e84 sp=0x00007fff54b07e20
Event: 1.930 Thread 0x00007f9ab8007000 DEOPT UNPACKING pc=0x000000010dc1a229 sp=0x00007fff54b07dd8 mode 2
Event: 1.969 Thread 0x00007f9ab8007000 Uncommon trap: trap_request=0xffffffde fr.pc=0x000000010dfc9e84
Event: 1.969 Thread 0x00007f9ab8007000 DEOPT PACKING pc=0x000000010dfc9e84 sp=0x00007fff54b07e20
Event: 1.969 Thread 0x00007f9ab8007000 DEOPT UNPACKING pc=0x000000010dc1a229 sp=0x00007fff54b07dd8 mode 2
Event: 2.024 Executing VM operation: ParallelGCFailedAllocation
Event: 2.040 Executing VM operation: ParallelGCFailedAllocation done


Dynamic libraries:
0x000000004d519000 	/System/Library/Frameworks/Cocoa.framework/Versions/A/Cocoa
0x000000004d519000 	/System/Library/Frameworks/Security.framework/Versions/A/Security
0x000000004d519000 	/System/Library/Frameworks/ApplicationServices.framework/Versions/A/ApplicationServices
0x000000004d519000 	/usr/lib/libz.1.dylib
0x000000004d519000 	/usr/lib/libSystem.B.dylib
0x000000004d519000 	/usr/lib/libobjc.A.dylib
0x000000004d519000 	/System/Library/Frameworks/CoreFoundation.framework/Versions/A/CoreFoundation
0x000000004d519000 	/System/Library/Frameworks/Foundation.framework/Versions/C/Foundation
0x000000004d519000 	/System/Library/Frameworks/AppKit.framework/Versions/C/AppKit
0x000000004d519000 	/System/Library/Frameworks/CoreData.framework/Versions/A/CoreData
0x000000004d519000 	/System/Library/PrivateFrameworks/RemoteViewServices.framework/Versions/A/RemoteViewServices
0x000000004d519000 	/System/Library/PrivateFrameworks/UIFoundation.framework/Versions/A/UIFoundation
0x000000004d519000 	/System/Library/PrivateFrameworks/DFRFoundation.framework/Versions/A/DFRFoundation
0x000000004d519000 	/usr/lib/libenergytrace.dylib
0x000000004d519000 	/System/Library/PrivateFrameworks/SkyLight.framework/Versions/A/SkyLight
0x000000004d519000 	/System/Library/Frameworks/CoreGraphics.framework/Versions/A/CoreGraphics
0x000000004d519000 	/usr/lib/libScreenReader.dylib
0x000000004d519000 	/System/Library/Frameworks/Accelerate.framework/Versions/A/Accelerate
0x000000004d519000 	/System/Library/Frameworks/IOSurface.framework/Versions/A/IOSurface
0x000000004d519000 	/System/Library/Frameworks/AudioToolbox.framework/Versions/A/AudioToolbox
0x000000004d519000 	/System/Library/Frameworks/AudioUnit.framework/Versions/A/AudioUnit
0x000000004d519000 	/System/Library/PrivateFrameworks/DataDetectorsCore.framework/Versions/A/DataDetectorsCore
0x000000004d519000 	/System/Library/PrivateFrameworks/DesktopServicesPriv.framework/Versions/A/DesktopServicesPriv
0x000000004d519000 	/System/Library/Frameworks/Carbon.framework/Versions/A/Frameworks/HIToolbox.framework/Versions/A/HIToolbox
0x000000004d519000 	/usr/lib/libicucore.A.dylib
0x000000004d519000 	/System/Library/Frameworks/QuartzCore.framework/Versions/A/QuartzCore
0x000000004d519000 	/System/Library/Frameworks/Carbon.framework/Versions/A/Frameworks/SpeechRecognition.framework/Versions/A/SpeechRecognition
0x000000004d519000 	/usr/lib/libauto.dylib
0x000000004d519000 	/usr/lib/libxml2.2.dylib
0x000000004d519000 	/System/Library/PrivateFrameworks/CoreUI.framework/Versions/A/CoreUI
0x000000004d519000 	/System/Library/Frameworks/CoreAudio.framework/Versions/A/CoreAudio
0x000000004d519000 	/System/Library/Frameworks/DiskArbitration.framework/Versions/A/DiskArbitration
0x000000004d519000 	/usr/lib/liblangid.dylib
0x000000004d519000 	/System/Library/PrivateFrameworks/MultitouchSupport.framework/Versions/A/MultitouchSupport
0x000000004d519000 	/System/Library/Frameworks/IOKit.framework/Versions/A/IOKit
0x000000004d519000 	/usr/lib/libDiagnosticMessagesClient.dylib
0x000000004d519000 	/System/Library/Frameworks/CoreServices.framework/Versions/A/CoreServices
0x000000004d519000 	/System/Library/PrivateFrameworks/PerformanceAnalysis.framework/Versions/A/PerformanceAnalysis
0x000000004d519000 	/System/Library/PrivateFrameworks/GenerationalStorage.framework/Versions/A/GenerationalStorage
0x000000004d519000 	/System/Library/Frameworks/OpenGL.framework/Versions/A/OpenGL
0x000000004d519000 	/System/Library/Frameworks/CoreImage.framework/Versions/A/CoreImage
0x000000004d519000 	/System/Library/Frameworks/CoreText.framework/Versions/A/CoreText
0x000000004d519000 	/System/Library/Frameworks/ImageIO.framework/Versions/A/ImageIO
0x000000004d519000 	/System/Library/PrivateFrameworks/Backup.framework/Versions/A/Backup
0x000000004d519000 	/usr/lib/libarchive.2.dylib
0x000000004d519000 	/System/Library/Frameworks/CFNetwork.framework/Versions/A/CFNetwork
0x000000004d519000 	/System/Library/Frameworks/SystemConfiguration.framework/Versions/A/SystemConfiguration
0x000000004d519000 	/usr/lib/libCRFSuite.dylib
0x000000004d519000 	/usr/lib/libc++.1.dylib
0x000000004d519000 	/usr/lib/libc++abi.dylib
0x000000004d519000 	/usr/lib/system/libcache.dylib
0x000000004d519000 	/usr/lib/system/libcommonCrypto.dylib
0x000000004d519000 	/usr/lib/system/libcompiler_rt.dylib
0x000000004d519000 	/usr/lib/system/libcopyfile.dylib
0x000000004d519000 	/usr/lib/system/libcorecrypto.dylib
0x000000004d519000 	/usr/lib/system/libdispatch.dylib
0x000000004d519000 	/usr/lib/system/libdyld.dylib
0x000000004d519000 	/usr/lib/system/libkeymgr.dylib
0x000000004d519000 	/usr/lib/system/liblaunch.dylib
0x000000004d519000 	/usr/lib/system/libmacho.dylib
0x000000004d519000 	/usr/lib/system/libquarantine.dylib
0x000000004d519000 	/usr/lib/system/libremovefile.dylib
0x000000004d519000 	/usr/lib/system/libsystem_asl.dylib
0x000000004d519000 	/usr/lib/system/libsystem_blocks.dylib
0x000000004d519000 	/usr/lib/system/libsystem_c.dylib
0x000000004d519000 	/usr/lib/system/libsystem_configuration.dylib
0x000000004d519000 	/usr/lib/system/libsystem_coreservices.dylib
0x000000004d519000 	/usr/lib/system/libsystem_coretls.dylib
0x000000004d519000 	/usr/lib/system/libsystem_dnssd.dylib
0x000000004d519000 	/usr/lib/system/libsystem_info.dylib
0x000000004d519000 	/usr/lib/system/libsystem_kernel.dylib
0x000000004d519000 	/usr/lib/system/libsystem_m.dylib
0x000000004d519000 	/usr/lib/system/libsystem_malloc.dylib
0x000000004d519000 	/usr/lib/system/libsystem_network.dylib
0x000000004d519000 	/usr/lib/system/libsystem_networkextension.dylib
0x000000004d519000 	/usr/lib/system/libsystem_notify.dylib
0x000000004d519000 	/usr/lib/system/libsystem_platform.dylib
0x000000004d519000 	/usr/lib/system/libsystem_pthread.dylib
0x000000004d519000 	/usr/lib/system/libsystem_sandbox.dylib
0x000000004d519000 	/usr/lib/system/libsystem_secinit.dylib
0x000000004d519000 	/usr/lib/system/libsystem_symptoms.dylib
0x000000004d519000 	/usr/lib/system/libsystem_trace.dylib
0x000000004d519000 	/usr/lib/system/libunwind.dylib
0x000000004d519000 	/usr/lib/system/libxpc.dylib
0x000000004d519000 	/usr/lib/libbsm.0.dylib
0x000000004d519000 	/usr/lib/system/libkxld.dylib
0x000000004d519000 	/usr/lib/libcoretls.dylib
0x000000004d519000 	/usr/lib/libcoretls_cfhelpers.dylib
0x000000004d519000 	/usr/lib/libOpenScriptingUtil.dylib
0x000000004d519000 	/usr/lib/libpam.2.dylib
0x000000004d519000 	/usr/lib/libsqlite3.dylib
0x000000004d519000 	/usr/lib/libxar.1.dylib
0x000000004d519000 	/usr/lib/libbz2.1.0.dylib
0x000000004d519000 	/usr/lib/liblzma.5.dylib
0x000000004d519000 	/usr/lib/libnetwork.dylib
0x000000004d519000 	/usr/lib/libpcap.A.dylib
0x000000004d519000 	/System/Library/Frameworks/CoreServices.framework/Versions/A/Frameworks/FSEvents.framework/Versions/A/FSEvents
0x000000004d519000 	/System/Library/Frameworks/CoreServices.framework/Versions/A/Frameworks/CarbonCore.framework/Versions/A/CarbonCore
0x000000004d519000 	/System/Library/Frameworks/CoreServices.framework/Versions/A/Frameworks/Metadata.framework/Versions/A/Metadata
0x000000004d519000 	/System/Library/Frameworks/CoreServices.framework/Versions/A/Frameworks/OSServices.framework/Versions/A/OSServices
0x000000004d519000 	/System/Library/Frameworks/CoreServices.framework/Versions/A/Frameworks/SearchKit.framework/Versions/A/SearchKit
0x000000004d519000 	/System/Library/Frameworks/CoreServices.framework/Versions/A/Frameworks/AE.framework/Versions/A/AE
0x000000004d519000 	/System/Library/Frameworks/CoreServices.framework/Versions/A/Frameworks/LaunchServices.framework/Versions/A/LaunchServices
0x000000004d519000 	/System/Library/Frameworks/CoreServices.framework/Versions/A/Frameworks/DictionaryServices.framework/Versions/A/DictionaryServices
0x000000004d519000 	/System/Library/Frameworks/CoreServices.framework/Versions/A/Frameworks/SharedFileList.framework/Versions/A/SharedFileList
0x000000004d519000 	/System/Library/Frameworks/NetFS.framework/Versions/A/NetFS
0x000000004d519000 	/System/Library/PrivateFrameworks/NetAuth.framework/Versions/A/NetAuth
0x000000004d519000 	/System/Library/PrivateFrameworks/login.framework/Versions/A/Frameworks/loginsupport.framework/Versions/A/loginsupport
0x000000004d519000 	/System/Library/PrivateFrameworks/TCC.framework/Versions/A/TCC
0x000000004d519000 	/usr/lib/libmecabra.dylib
0x000000004d519000 	/System/Library/Frameworks/ApplicationServices.framework/Versions/A/Frameworks/ATS.framework/Versions/A/ATS
0x000000004d519000 	/System/Library/Frameworks/ApplicationServices.framework/Versions/A/Frameworks/ColorSync.framework/Versions/A/ColorSync
0x000000004d519000 	/System/Library/Frameworks/ApplicationServices.framework/Versions/A/Frameworks/HIServices.framework/Versions/A/HIServices
0x000000004d519000 	/System/Library/Frameworks/ApplicationServices.framework/Versions/A/Frameworks/LangAnalysis.framework/Versions/A/LangAnalysis
0x000000004d519000 	/System/Library/Frameworks/ApplicationServices.framework/Versions/A/Frameworks/PrintCore.framework/Versions/A/PrintCore
0x000000004d519000 	/System/Library/Frameworks/ApplicationServices.framework/Versions/A/Frameworks/QD.framework/Versions/A/QD
0x000000004d519000 	/System/Library/Frameworks/ApplicationServices.framework/Versions/A/Frameworks/SpeechSynthesis.framework/Versions/A/SpeechSynthesis
0x000000004d519000 	/System/Library/Frameworks/Accelerate.framework/Versions/A/Frameworks/vImage.framework/Versions/A/vImage
0x000000004d519000 	/System/Library/Frameworks/Accelerate.framework/Versions/A/Frameworks/vecLib.framework/Versions/A/vecLib
0x000000004d519000 	/System/Library/Frameworks/Accelerate.framework/Versions/A/Frameworks/vecLib.framework/Versions/A/libvDSP.dylib
0x000000004d519000 	/System/Library/Frameworks/Accelerate.framework/Versions/A/Frameworks/vecLib.framework/Versions/A/libBNNS.dylib
0x000000004d519000 	/System/Library/Frameworks/Accelerate.framework/Versions/A/Frameworks/vecLib.framework/Versions/A/libQuadrature.dylib
0x000000004d519000 	/System/Library/Frameworks/Accelerate.framework/Versions/A/Frameworks/vecLib.framework/Versions/A/libvMisc.dylib
0x000000004d519000 	/System/Library/Frameworks/Accelerate.framework/Versions/A/Frameworks/vecLib.framework/Versions/A/libLAPACK.dylib
0x000000004d519000 	/System/Library/Frameworks/Accelerate.framework/Versions/A/Frameworks/vecLib.framework/Versions/A/libBLAS.dylib
0x000000004d519000 	/System/Library/Frameworks/Accelerate.framework/Versions/A/Frameworks/vecLib.framework/Versions/A/libLinearAlgebra.dylib
0x000000004d519000 	/System/Library/Frameworks/Accelerate.framework/Versions/A/Frameworks/vecLib.framework/Versions/A/libSparseBLAS.dylib
0x000000004d519000 	/System/Library/Frameworks/ApplicationServices.framework/Versions/A/Frameworks/ATS.framework/Versions/A/Resources/libFontParser.dylib
0x000000004d519000 	/System/Library/Frameworks/ApplicationServices.framework/Versions/A/Frameworks/ATS.framework/Versions/A/Resources/libFontRegistry.dylib
0x000000004d519000 	/System/Library/Frameworks/ImageIO.framework/Versions/A/Resources/libJPEG.dylib
0x000000004d519000 	/System/Library/Frameworks/ImageIO.framework/Versions/A/Resources/libTIFF.dylib
0x000000004d519000 	/System/Library/Frameworks/ImageIO.framework/Versions/A/Resources/libPng.dylib
0x000000004d519000 	/System/Library/Frameworks/ImageIO.framework/Versions/A/Resources/libGIF.dylib
0x000000004d519000 	/System/Library/Frameworks/ImageIO.framework/Versions/A/Resources/libJP2.dylib
0x000000004d519000 	/System/Library/Frameworks/ImageIO.framework/Versions/A/Resources/libRadiance.dylib
0x000000004d519000 	/usr/lib/libcompression.dylib
0x000000004d519000 	/System/Library/PrivateFrameworks/AppleJPEG.framework/Versions/A/AppleJPEG
0x000000004d519000 	/usr/lib/libcups.2.dylib
0x000000004d519000 	/System/Library/Frameworks/Kerberos.framework/Versions/A/Kerberos
0x000000004d519000 	/System/Library/Frameworks/GSS.framework/Versions/A/GSS
0x000000004d519000 	/usr/lib/libresolv.9.dylib
0x000000004d519000 	/usr/lib/libiconv.2.dylib
0x000000004d519000 	/System/Library/PrivateFrameworks/Heimdal.framework/Versions/A/Heimdal
0x000000004d519000 	/usr/lib/libheimdal-asn1.dylib
0x000000004d519000 	/System/Library/Frameworks/OpenDirectory.framework/Versions/A/OpenDirectory
0x000000004d519000 	/System/Library/PrivateFrameworks/CommonAuth.framework/Versions/A/CommonAuth
0x000000004d519000 	/System/Library/Frameworks/OpenDirectory.framework/Versions/A/Frameworks/CFOpenDirectory.framework/Versions/A/CFOpenDirectory
0x000000004d519000 	/System/Library/Frameworks/SecurityFoundation.framework/Versions/A/SecurityFoundation
0x000000004d519000 	/System/Library/PrivateFrameworks/LanguageModeling.framework/Versions/A/LanguageModeling
0x000000004d519000 	/usr/lib/libmarisa.dylib
0x000000004d519000 	/usr/lib/libChineseTokenizer.dylib
0x000000004d519000 	/usr/lib/libcmph.dylib
0x000000004d519000 	/System/Library/PrivateFrameworks/CoreEmoji.framework/Versions/A/CoreEmoji
0x000000004d519000 	/System/Library/Frameworks/ServiceManagement.framework/Versions/A/ServiceManagement
0x000000004d519000 	/usr/lib/libxslt.1.dylib
0x000000004d519000 	/System/Library/Frameworks/Carbon.framework/Versions/A/Frameworks/Ink.framework/Versions/A/Ink
0x000000004d519000 	/System/Library/PrivateFrameworks/TextureIO.framework/Versions/A/TextureIO
0x000000004d519000 	/System/Library/Frameworks/Metal.framework/Versions/A/Metal
0x000000004d519000 	/usr/lib/libate.dylib
0x000000004d519000 	/System/Library/PrivateFrameworks/GPUCompiler.framework/libmetal_timestamp.dylib
0x000000004d519000 	/System/Library/Frameworks/OpenGL.framework/Versions/A/Libraries/libCoreFSCache.dylib
0x000000004d519000 	/System/Library/PrivateFrameworks/IOAccelerator.framework/Versions/A/IOAccelerator
0x000000004d519000 	/System/Library/Frameworks/CoreVideo.framework/Versions/A/CoreVideo
0x000000004d519000 	/usr/lib/libFosl_dynamic.dylib
0x000000004d519000 	/System/Library/PrivateFrameworks/MetalPerformanceShaders.framework/Versions/A/MetalPerformanceShaders
0x000000004d519000 	/System/Library/PrivateFrameworks/FaceCore.framework/Versions/A/FaceCore
0x000000004d519000 	/System/Library/Frameworks/OpenCL.framework/Versions/A/OpenCL
0x000000004d519000 	/System/Library/Frameworks/OpenGL.framework/Versions/A/Libraries/libGLU.dylib
0x000000004d519000 	/System/Library/Frameworks/OpenGL.framework/Versions/A/Libraries/libGFXShared.dylib
0x000000004d519000 	/System/Library/Frameworks/OpenGL.framework/Versions/A/Libraries/libGL.dylib
0x000000004d519000 	/System/Library/Frameworks/OpenGL.framework/Versions/A/Libraries/libGLImage.dylib
0x000000004d519000 	/System/Library/Frameworks/OpenGL.framework/Versions/A/Libraries/libCVMSPluginSupport.dylib
0x000000004d519000 	/System/Library/Frameworks/OpenGL.framework/Versions/A/Libraries/libCoreVMClient.dylib
0x000000004d519000 	/System/Library/PrivateFrameworks/CrashReporterSupport.framework/Versions/A/CrashReporterSupport
0x000000004d519000 	/System/Library/PrivateFrameworks/Sharing.framework/Versions/A/Sharing
0x000000004d519000 	/System/Library/PrivateFrameworks/IconServices.framework/Versions/A/IconServices
0x000000004d519000 	/System/Library/PrivateFrameworks/ProtocolBuffer.framework/Versions/A/ProtocolBuffer
0x000000004d519000 	/System/Library/PrivateFrameworks/Apple80211.framework/Versions/A/Apple80211
0x000000004d519000 	/System/Library/Frameworks/CoreWLAN.framework/Versions/A/CoreWLAN
0x000000004d519000 	/System/Library/PrivateFrameworks/CoreUtils.framework/Versions/A/CoreUtils
0x000000004d519000 	/System/Library/Frameworks/IOBluetooth.framework/Versions/A/IOBluetooth
0x000000004d519000 	/System/Library/PrivateFrameworks/CoreWiFi.framework/Versions/A/CoreWiFi
0x000000004d519000 	/System/Library/Frameworks/CoreBluetooth.framework/Versions/A/CoreBluetooth
0x000000004d519000 	/System/Library/Frameworks/CoreDisplay.framework/Versions/A/CoreDisplay
0x000000004d519000 	/System/Library/PrivateFrameworks/IOPresentment.framework/Versions/A/IOPresentment
0x000000004d519000 	/System/Library/PrivateFrameworks/DSExternalDisplay.framework/Versions/A/DSExternalDisplay
0x000000004d519000 	/System/Library/PrivateFrameworks/DebugSymbols.framework/Versions/A/DebugSymbols
0x000000004d519000 	/System/Library/PrivateFrameworks/CoreSymbolication.framework/Versions/A/CoreSymbolication
0x000000004d519000 	/System/Library/PrivateFrameworks/Symbolication.framework/Versions/A/Symbolication
0x000000004d519000 	/System/Library/PrivateFrameworks/AppleFSCompression.framework/Versions/A/AppleFSCompression
0x000000004d519000 	/System/Library/PrivateFrameworks/SpeechRecognitionCore.framework/Versions/A/SpeechRecognitionCore
0x000000004d519000 	/System/Library/PrivateFrameworks/ChunkingLibrary.framework/Versions/A/ChunkingLibrary
0x000000010b16e000 	/Library/Java/JavaVirtualMachines/jdk1.8.0_131.jdk/Contents/Home/jre/lib/server/libjvm.dylib
0x000000004d519000 	/usr/lib/libstdc++.6.dylib
0x000000010c112000 	/Library/Java/JavaVirtualMachines/jdk1.8.0_131.jdk/Contents/Home/jre/lib/libverify.dylib
0x000000010c120000 	/Library/Java/JavaVirtualMachines/jdk1.8.0_131.jdk/Contents/Home/jre/lib/libjava.dylib
0x000000010c156000 	/Library/Java/JavaVirtualMachines/jdk1.8.0_131.jdk/Contents/Home/jre/lib/libinstrument.dylib
0x000000010c1b3000 	/Library/Java/JavaVirtualMachines/jdk1.8.0_131.jdk/Contents/Home/jre/lib/libzip.dylib
0x000000010c1e4000 	/System/Library/Frameworks/JavaVM.framework/Frameworks/JavaRuntimeSupport.framework/JavaRuntimeSupport
0x000000010db73000 	/System/Library/Frameworks/JavaVM.framework/Versions/A/Frameworks/JavaNativeFoundation.framework/Versions/A/JavaNativeFoundation
0x00000001223b5000 	/System/Library/Frameworks/JavaVM.framework/Versions/A/JavaVM
0x000000004d519000 	/System/Library/Frameworks/Carbon.framework/Versions/A/Carbon
0x00000001223c2000 	/System/Library/PrivateFrameworks/JavaLaunching.framework/Versions/A/JavaLaunching
0x000000004d519000 	/System/Library/Frameworks/Carbon.framework/Versions/A/Frameworks/CommonPanels.framework/Versions/A/CommonPanels
0x000000004d519000 	/System/Library/Frameworks/Carbon.framework/Versions/A/Frameworks/Help.framework/Versions/A/Help
0x000000004d519000 	/System/Library/Frameworks/Carbon.framework/Versions/A/Frameworks/ImageCapture.framework/Versions/A/ImageCapture
0x000000004d519000 	/System/Library/Frameworks/Carbon.framework/Versions/A/Frameworks/OpenScripting.framework/Versions/A/OpenScripting
0x000000004d519000 	/System/Library/Frameworks/Carbon.framework/Versions/A/Frameworks/Print.framework/Versions/A/Print
0x000000004d519000 	/System/Library/Frameworks/Carbon.framework/Versions/A/Frameworks/SecurityHI.framework/Versions/A/SecurityHI
0x0000000124172000 	/Library/Java/JavaVirtualMachines/jdk1.8.0_131.jdk/Contents/Home/jre/lib/libnet.dylib
0x00000001242f1000 	/Library/Java/JavaVirtualMachines/jdk1.8.0_131.jdk/Contents/Home/jre/lib/libnio.dylib
0x0000000124301000 	/private/var/folders/gv/brb4137n29lf70lyl9c_wlmm0000gp/T/lwjgluser/3.2.1-build-12/liblwjgl.dylib
0x0000000124331000 	/var/folders/gv/brb4137n29lf70lyl9c_wlmm0000gp/T/lwjgluser/3.2.1-build-12/libjemalloc.dylib
0x0000000124c00000 	/var/folders/gv/brb4137n29lf70lyl9c_wlmm0000gp/T/lwjgluser/3.2.1-build-12/libglfw.dylib
0x000000004d519000 	/System/Library/PrivateFrameworks/CoreServicesInternal.framework/Versions/A/CoreServicesInternal
0x000000004d519000 	/System/Library/PrivateFrameworks/FamilyControls.framework/Versions/A/FamilyControls
0x000000004d519000 	/System/Library/PrivateFrameworks/CommerceKit.framework/Versions/A/Frameworks/CommerceCore.framework/Versions/A/CommerceCore
0x000000004d519000 	/System/Library/PrivateFrameworks/SystemAdministration.framework/Versions/A/SystemAdministration
0x000000004d519000 	/System/Library/PrivateFrameworks/AppContainer.framework/Versions/A/AppContainer
0x000000004d519000 	/System/Library/PrivateFrameworks/SecCodeWrapper.framework/Versions/A/SecCodeWrapper
0x000000004d519000 	/System/Library/Frameworks/DirectoryService.framework/Versions/A/DirectoryService
0x000000004d519000 	/System/Library/PrivateFrameworks/DiskImages.framework/Versions/A/DiskImages
0x000000004d519000 	/System/Library/PrivateFrameworks/LoginUIKit.framework/Versions/A/Frameworks/LoginUICore.framework/Versions/A/LoginUICore
0x000000004d519000 	/usr/lib/libCoreStorage.dylib
0x000000004d519000 	/usr/lib/libcsfde.dylib
0x000000004d519000 	/usr/lib/libodfde.dylib
0x000000004d519000 	/System/Library/Frameworks/DiscRecording.framework/Versions/A/DiscRecording
0x000000004d519000 	/usr/lib/libcurl.4.dylib
0x000000004d519000 	/System/Library/PrivateFrameworks/MediaKit.framework/Versions/A/MediaKit
0x000000004d519000 	/System/Library/PrivateFrameworks/ProtectedCloudStorage.framework/Versions/A/ProtectedCloudStorage
0x000000004d519000 	/System/Library/PrivateFrameworks/EFILogin.framework/Versions/A/EFILogin
0x000000004d519000 	/usr/lib/libutil.dylib
0x000000004d519000 	/System/Library/Frameworks/LDAP.framework/Versions/A/LDAP
0x000000004d519000 	/usr/lib/libsasl2.2.dylib
0x000000004d519000 	/System/Library/PrivateFrameworks/CoreDaemon.framework/Versions/B/CoreDaemon
0x000000004d519000 	/System/Library/PrivateFrameworks/AppleSRP.framework/Versions/A/AppleSRP
0x000000004d519000 	/System/Library/PrivateFrameworks/APFS.framework/Versions/A/APFS
0x000000004d519000 	/System/Library/Frameworks/Accelerate.framework/Versions/A/Frameworks/vImage.framework/Versions/A/Libraries/libCGInterfaces.dylib
0x0000000126752000 	/System/Library/Frameworks/OpenGL.framework/Resources/GLEngine.bundle/GLEngine
0x000000004d519000 	/System/Library/Frameworks/OpenGL.framework/Versions/A/Libraries/libGLProgrammability.dylib
0x0000000126937000 	/System/Library/Extensions/AMDRadeonX4000GLDriver.bundle/Contents/MacOS/AMDRadeonX4000GLDriver
0x000000004d519000 	/System/Library/PrivateFrameworks/GPUSupport.framework/Versions/A/Libraries/libGPUSupportMercury.dylib
0x0000000126a17000 	/System/Library/Extensions/AMDRadeonX4000GLDriver.bundle/Contents/MacOS/ATIRadeonX4000SCLib.dylib
0x0000000126ff4000 	/System/Library/Frameworks/OpenGL.framework/Resources//GLRendererFloat.bundle/GLRendererFloat
0x000000004d519000 	/System/Library/Frameworks/OpenCL.framework/Versions/A/Libraries/libcldcpuengine.dylib
0x000000004d519000 	/usr/lib/libcrypto.0.9.8.dylib
0x000000004d519000 	/System/Library/PrivateFrameworks/TrustEvaluationAgent.framework/Versions/A/TrustEvaluationAgent
0x000000004d519000 	/System/Library/Frameworks/ApplicationServices.framework/Versions/A/Frameworks/ATS.framework/Versions/A/Resources/libTrueTypeScaler.dylib
0x000000012c7b8000 	/private/var/folders/gv/brb4137n29lf70lyl9c_wlmm0000gp/T/lwjgluser/3.2.1-build-12/liblwjgl_opengl.dylib
0x000000004d519000 	/System/Library/Extensions/AMDMTLBronzeDriver.bundle/Contents/MacOS/AMDMTLBronzeDriver
0x000000004d519000 	/System/Library/PrivateFrameworks/IOAccelMemoryInfo.framework/Versions/A/IOAccelMemoryInfo
0x0000000127427000 	/private/var/folders/gv/brb4137n29lf70lyl9c_wlmm0000gp/T/lwjgluser/3.2.1-build-12/liblwjgl_stb.dylib

VM Arguments:
jvm_args: -javaagent:/Applications/IntelliJ IDEA CE.app/Contents/lib/idea_rt.jar=50996:/Applications/IntelliJ IDEA CE.app/Contents/bin -Dfile.encoding=UTF-8 
java_command: TemplateProgramKt
java_class_path (initial): /Library/Java/JavaVirtualMachines/jdk1.8.0_131.jdk/Contents/Home/jre/lib/charsets.jar:/Library/Java/JavaVirtualMachines/jdk1.8.0_131.jdk/Contents/Home/jre/lib/deploy.jar:/Library/Java/JavaVirtualMachines/jdk1.8.0_131.jdk/Contents/Home/jre/lib/ext/cldrdata.jar:/Library/Java/JavaVirtualMachines/jdk1.8.0_131.jdk/Contents/Home/jre/lib/ext/dnsns.jar:/Library/Java/JavaVirtualMachines/jdk1.8.0_131.jdk/Contents/Home/jre/lib/ext/jaccess.jar:/Library/Java/JavaVirtualMachines/jdk1.8.0_131.jdk/Contents/Home/jre/lib/ext/jfxrt.jar:/Library/Java/JavaVirtualMachines/jdk1.8.0_131.jdk/Contents/Home/jre/lib/ext/localedata.jar:/Library/Java/JavaVirtualMachines/jdk1.8.0_131.jdk/Contents/Home/jre/lib/ext/nashorn.jar:/Library/Java/JavaVirtualMachines/jdk1.8.0_131.jdk/Contents/Home/jre/lib/ext/sunec.jar:/Library/Java/JavaVirtualMachines/jdk1.8.0_131.jdk/Contents/Home/jre/lib/ext/sunjce_provider.jar:/Library/Java/JavaVirtualMachines/jdk1.8.0_131.jdk/Contents/Home/jre/lib/ext/sunpkcs11.jar:/Library/Java/JavaVirtualMachines/jdk1.8.0_131.jdk/Contents/Home/jre/lib/ext/zipfs.jar:/Library/Java/JavaVirtualMachines/jdk1.8.0_131.jdk/Contents/Home/jre/lib/javaws.jar:/Library/Java/JavaVirtualMachines/jdk1.8.0_131.jdk/Contents/Home/jre/lib/jce.jar:/Library/Java/JavaVirtualMachines/jdk1.8.0_131.jdk/Contents/Home/jre/lib/jfr.jar:/Library/Java/JavaVirtualMachines/jdk1.8.0_131.jdk/Contents/Home/jre/lib/jfxswt.jar:/Library/Java/JavaVirtualMachines/jdk1.8.0_131.jdk/Contents/Home/jre/lib/jsse.jar:/Library/Java/JavaVirtualMachines/jdk1.8.0_131.jdk/Contents/Home/jre/lib/management-agent.jar:/Library/Java/JavaVirtualMachines/jdk1.8.0_131.jdk/Contents/Home/jre/lib/plugin.jar:/Library/Java/JavaVirtualMachines/jdk1.8.0_131.jdk/Contents/Home/jre/lib/resources.jar:/Library/Java/JavaVirtualMachines/jdk1.8.0_131.jdk/Contents/Home/jre/lib/rt.jar:/Library/Java/JavaVirtualMachines/jdk1.8.0_131.jdk/Contents/Home/lib/ant-javafx.jar:/Library/Java/JavaVirtualMachines/jdk1.8.0_131.jdk/Contents/Home
Launcher Type: SUN_STANDARD

Environment Variables:
PATH=/usr/local/bin:/usr/bin:/bin:/usr/sbin:/sbin:/usr/local/share/dotnet:~/.dotnet/tools:/Library/Frameworks/Mono.framework/Versions/Current/Commands:/Applications/Xamarin Workbooks.app/Contents/SharedSupport/path-bin
SHELL=/bin/bash

Signal Handlers:
SIGSEGV: [libjvm.dylib+0x5b1eb1], sa_mask[0]=11111111011111110111111111111111, sa_flags=SA_ONSTACK|SA_RESTART|SA_SIGINFO
SIGBUS: [libjvm.dylib+0x5b1eb1], sa_mask[0]=11111111011111110111111111111111, sa_flags=SA_RESTART|SA_SIGINFO
SIGFPE: [libjvm.dylib+0x488988], sa_mask[0]=11111111011111110111111111111111, sa_flags=SA_RESTART|SA_SIGINFO
SIGPIPE: [libjvm.dylib+0x488988], sa_mask[0]=11111111011111110111111111111111, sa_flags=SA_RESTART|SA_SIGINFO
SIGXFSZ: [libjvm.dylib+0x488988], sa_mask[0]=11111111011111110111111111111111, sa_flags=SA_RESTART|SA_SIGINFO
SIGILL: [libjvm.dylib+0x488988], sa_mask[0]=11111111011111110111111111111111, sa_flags=SA_RESTART|SA_SIGINFO
SIGUSR1: SIG_DFL, sa_mask[0]=00000000000000000000000000000000, sa_flags=none
SIGUSR2: [libjvm.dylib+0x4884a6], sa_mask[0]=00100000000000000000000000000000, sa_flags=SA_RESTART|SA_SIGINFO
SIGHUP: [libjvm.dylib+0x486a7d], sa_mask[0]=11111111011111110111111111111111, sa_flags=SA_RESTART|SA_SIGINFO
SIGINT: [libjvm.dylib+0x486a7d], sa_mask[0]=11111111011111110111111111111111, sa_flags=SA_RESTART|SA_SIGINFO
SIGTERM: [libjvm.dylib+0x486a7d], sa_mask[0]=11111111011111110111111111111111, sa_flags=SA_RESTART|SA_SIGINFO
SIGQUIT: [libjvm.dylib+0x486a7d], sa_mask[0]=11111111011111110111111111111111, sa_flags=SA_RESTART|SA_SIGINFO


---------------  S Y S T E M  ---------------

OS:Bsduname:Darwin 16.7.0 Darwin Kernel Version 16.7.0: Wed Feb 27 00:29:57 PST 2019; root:xnu-3789.73.43~1/RELEASE_X86_64 x86_64
rlimit: STACK 8192k, CORE 0k, NPROC 709, NOFILE 10240, AS infinity
load average:3.95 4.30 4.52

CPU:total 4 (initial active 4) (4 cores per cpu, 1 threads per core) family 6 model 158 stepping 9, cmov, cx8, fxsr, mmx, sse, sse2, sse3, ssse3, sse4.1, sse4.2, popcnt, avx, avx2, aes, clmul, erms, 3dnowpref, lzcnt, tsc, tscinvbit, bmi1, bmi2, adx

Memory: 4k page, physical 8388608k(30580k free)

/proc/meminfo:


vm_info: Java HotSpot(TM) 64-Bit Server VM (25.131-b11) for bsd-amd64 JRE (1.8.0_131-b11), built on Mar 15 2017 01:32:22 by "java_re" with gcc 4.2.1 (Based on Apple Inc. build 5658) (LLVM build 2336.11.00)

time: Tue Jun  4 18:02:43 2019
elapsed time: 2 seconds (0d 0h 0m 2s)

